2025-04-21 22:48:06,944 INFO  - Clicked on Search Icon
2025-04-21 22:48:08,255 INFO  - click on Search Bar
2025-04-21 22:48:08,998 INFO  - Sentdata to searchBar as Earrings
2025-04-21 22:48:11,947 INFO  - clicked enter for resultant page
2025-04-21 22:48:12,188 INFO  - Clicked on Material
2025-04-21 22:48:12,620 INFO  - Clicked on Gemstore
2025-04-21 22:48:15,038 INFO  - Clicked on Zircoina
2025-04-21 22:48:17,871 INFO  - Clicked on Showproduct
2025-04-21 22:48:20,742 INFO  - Clicked on Firstproduct
2025-04-21 22:48:21,518 INFO  - Clicked on BookAppointment
2025-04-21 22:48:21,609 INFO  - Verified text Description
2025-04-21 22:48:28,681 INFO  - Scrolled down and clicked on CustomerServiceOverview
2025-04-21 22:48:28,689 INFO  - Verified CustomerServiceOverview URl
2025-04-21 22:48:28,696 INFO  - Verify CustomerServiceOverview title
2025-04-21 22:48:30,689 INFO  - Navigated to back page
2025-04-21 22:48:32,959 INFO  - Clicked on OrderStatus
2025-04-21 22:48:32,986 INFO  - verified OrderStatus URL
2025-04-21 22:48:33,059 INFO  - verifed OrderStatus Title
2025-04-21 22:48:34,883 INFO  - Navigated to back page
2025-04-21 22:48:36,909 INFO  - Clicked on GiftCardBalance
2025-04-21 22:48:36,946 INFO  - verified GiftCardBalance URL
2025-04-21 22:48:36,954 INFO  - verified GiftCardBalance Title
2025-04-21 22:48:38,879 INFO  - Navigated to back page
2025-04-21 22:48:40,570 INFO  - Clicked on shipping
2025-04-21 22:48:40,586 INFO  - verified Shipping URL
2025-04-21 22:48:40,664 INFO  - verified Shipping Title
2025-04-21 22:48:42,644 INFO  - Navigated to back page
2025-04-21 22:48:44,453 INFO  - clicked On ReturnsAndExchange
2025-04-21 22:48:44,470 INFO  - verified ReturnsAndExchange URL
2025-04-21 22:48:44,481 INFO  - verify ReturnsAndExchange Title
2025-04-21 22:48:46,572 INFO  - Navigated to back page
2025-04-21 22:48:48,591 INFO  - clicked on ContactUs
2025-04-21 22:48:48,609 INFO  - verified ContactUs URL
2025-04-21 22:48:48,616 INFO  - verified ContactUs Title
2025-04-21 22:48:50,645 INFO  - Navigated to back page
2025-04-21 22:48:52,650 INFO  - clicked on SizeGuide
2025-04-21 22:48:52,675 INFO  - verified SizeGuide URL
2025-04-21 22:48:52,683 INFO  - verified SizeGuide Title
2025-04-21 22:48:54,995 INFO  - Navigated to back page
2025-04-21 22:48:56,971 INFO  - clicked on StoreFinder
2025-04-21 22:48:57,041 INFO  - verified StoreFinder URL
2025-04-21 22:48:57,057 INFO  - verified StoreFinder Title
2025-04-21 22:48:59,286 INFO  - Navigated to back page
2025-04-21 22:48:59,768 INFO  - Verified text Membership
