2025-04-21 19:52:52,023 INFO  - scroll to About Swarovski
2025-04-21 19:52:54,226 INFO  - Clicked on About Swarovski
2025-04-21 19:52:54,249 INFO  - Verified: About Swarovski | Swarovski US
2025-04-21 19:52:54,259 INFO  - Verified: https://www.swarovski.com/en-US/s-brand/
2025-04-21 19:52:58,835 INFO  - Clicked on Sustainability
2025-04-21 19:52:58,856 ERROR - Verified: Sustainability and Corporate Responsibility  | Swarovski US
2025-04-21 19:52:58,865 INFO  - Verified: https://www.swarovski.com/en-US/s-sustainability/
2025-04-21 19:53:02,857 INFO  - Clicked on JobsAndCareer
2025-04-21 19:53:02,934 INFO  - Verified: Career at Swarovski | Job opportunies | Swarovski US
2025-04-21 19:53:02,944 INFO  - Verified: https://www.swarovski.com/en-US/s-careers/
2025-04-21 19:53:05,974 INFO  - Clicked on AlumniCommunity
2025-04-21 19:53:07,920 ERROR - Verified: Landing Page - Swarovski
2025-04-21 19:53:07,929 ERROR - Verified: https://alumni.swarovski.com/alumni/
2025-04-21 19:53:13,010 ERROR - Unable to Click on Corporategifts
2025-04-21 19:53:13,018 ERROR - Verified: <title>Swarovski Corporate Gifts &amp; Business Gifts | Swarovski US</title>
2025-04-21 19:53:13,024 ERROR - Verified: https://www.swarovski.com/en-US/s-corporate-gifts/
2025-04-21 19:53:18,095 ERROR - Unable to Click on ForProfessional
2025-04-21 19:53:18,103 ERROR - Verified: <title>Swarovski for Professionals | Swarovski US</title>
2025-04-21 19:53:18,109 ERROR - Verified: https://www.swarovski.com/en-US/s-professionals/
2025-04-21 19:53:23,171 ERROR - Unable to Click on Sitemap
2025-04-21 19:53:23,181 ERROR - Verified: Sitemap | Swarovski US
2025-04-21 19:53:23,189 ERROR - Verified: https://www.swarovski.com/en-US/s-html-sitemap/
