2025-04-21 22:38:59,523 INFO  - Scrolled down and clicked on CustomerServiceOverview
2025-04-21 22:38:59,549 INFO  - Verified CustomerServiceOverview URl
2025-04-21 22:38:59,565 INFO  - Verify CustomerServiceOverview title
2025-04-21 22:39:01,556 INFO  - Navigated to back page
2025-04-21 22:39:03,410 INFO  - Clicked on OrderStatus
2025-04-21 22:39:03,472 INFO  - verified OrderStatus URL
2025-04-21 22:39:03,540 INFO  - verifed OrderStatus Title
2025-04-21 22:39:05,469 INFO  - Navigated to back page
2025-04-21 22:39:07,370 INFO  - Clicked on GiftCardBalance
2025-04-21 22:39:07,382 INFO  - verified GiftCardBalance URL
2025-04-21 22:39:07,391 INFO  - verified GiftCardBalance Title
2025-04-21 22:39:09,184 INFO  - Navigated to back page
2025-04-21 22:39:11,216 INFO  - Clicked on shipping
2025-04-21 22:39:11,263 INFO  - verified Shipping URL
2025-04-21 22:39:11,356 INFO  - verified Shipping Title
2025-04-21 22:39:13,146 INFO  - Navigated to back page
2025-04-21 22:39:15,062 INFO  - clicked On ReturnsAndExchange
2025-04-21 22:39:15,158 INFO  - verified ReturnsAndExchange URL
2025-04-21 22:39:15,175 INFO  - verify ReturnsAndExchange Title
2025-04-21 22:39:17,167 INFO  - Navigated to back page
2025-04-21 22:39:19,368 INFO  - clicked on ContactUs
2025-04-21 22:39:19,378 INFO  - verified ContactUs URL
2025-04-21 22:39:19,395 INFO  - verified ContactUs Title
2025-04-21 22:39:21,358 INFO  - Navigated to back page
2025-04-21 22:39:23,259 INFO  - clicked on SizeGuide
2025-04-21 22:39:23,289 INFO  - verified SizeGuide URL
2025-04-21 22:39:23,297 INFO  - verified SizeGuide Title
2025-04-21 22:39:25,297 INFO  - Navigated to back page
2025-04-21 22:39:27,263 INFO  - clicked on StoreFinder
2025-04-21 22:39:27,338 INFO  - verified StoreFinder URL
2025-04-21 22:39:27,399 INFO  - verified StoreFinder Title
2025-04-21 22:39:29,593 INFO  - Navigated to back page
2025-04-21 22:39:29,973 INFO  - Verified text Membership
