2025-04-21 20:15:13,985 INFO  - scroll to About Swarovski
2025-04-21 20:15:16,330 INFO  - Clicked on About Swarovski
2025-04-21 20:15:16,342 INFO  - Verified: About Swarovski | Swarovski US
2025-04-21 20:15:16,352 INFO  - Verified: https://www.swarovski.com/en-US/s-brand/
2025-04-21 20:15:20,948 INFO  - Clicked on Sustainability
2025-04-21 20:15:20,967 ERROR - Verified: Sustainability and Corporate Responsibility  | Swarovski US
2025-04-21 20:15:21,013 INFO  - Verified: https://www.swarovski.com/en-US/s-sustainability/
2025-04-21 20:15:25,156 INFO  - Clicked on JobsAndCareer
2025-04-21 20:15:25,213 INFO  - Verified: Career at Swarovski | Job opportunies | Swarovski US
2025-04-21 20:15:25,226 INFO  - Verified: https://www.swarovski.com/en-US/s-careers/
2025-04-21 20:15:28,482 INFO  - Clicked on AlumniCommunity
2025-04-21 20:15:30,222 ERROR - Verified: Landing Page - Swarovski
2025-04-21 20:15:30,243 ERROR - Verified: https://alumni.swarovski.com/alumni/
2025-04-21 20:15:31,935 INFO  - Clicked on Corporategifts
2025-04-21 20:15:31,954 INFO  - Verified: Swarovski Corporate Gifts & Business Gifts | Swarovski US
2025-04-21 20:15:31,962 INFO  - Verified: https://www.swarovski.com/en-US/s-corporate-gifts/
2025-04-21 20:15:36,449 INFO  - Clicked on ForProfessional
2025-04-21 20:15:36,514 INFO  - Verified: Swarovski for Professionals | Swarovski US
2025-04-21 20:15:36,532 INFO  - Verified: https://www.swarovski.com/en-US/s-professionals/
2025-04-21 20:15:40,829 INFO  - Clicked on Sitemap
2025-04-21 20:15:40,846 INFO  - Verified: Sitemap | Swarovski US
2025-04-21 20:15:40,856 INFO  - Verified: https://www.swarovski.com/en-US/s-html-sitemap/
2025-04-21 20:15:43,514 INFO  - About verified
