2025-04-21 19:59:57,117 INFO  - Hover on Gifts
2025-04-21 20:00:12,305 INFO  - Click on Wedding Gifts
2025-04-21 20:00:12,326 INFO  - Verified that the text contains: Categories
2025-04-21 20:00:12,621 INFO  - Click on Categories
2025-04-21 20:00:12,929 INFO  - Click on Watches
2025-04-21 20:00:13,597 INFO  - Click on all watches
2025-04-21 20:00:15,137 INFO  - Click on Show Products
2025-04-21 20:00:15,265 INFO  - Click on Material
2025-04-21 20:00:31,842 INFO  - Click on Material
2025-04-21 20:00:47,462 INFO  - Click on Material
2025-04-21 20:00:49,939 INFO  - Click on First Product
2025-04-21 20:00:51,296 INFO  - Verified: Add to bag
2025-04-21 20:00:55,713 INFO  - Hover over Swarovski Created Diamonds
2025-04-21 20:01:07,422 INFO  - Click On Eternity
2025-04-21 20:01:07,440 INFO  - Verified that the text contains: collection-eternity
2025-04-21 20:01:07,549 INFO  - Click On Material
2025-04-21 20:01:23,259 INFO  - Click On Sterling Silver
2025-04-21 20:01:38,892 INFO  - Click On Show Products Button
2025-04-21 20:01:42,095 INFO  - Click On First Ring
2025-04-21 20:01:52,760 INFO  - Verified: Select size
