2025-04-21 22:44:46,577 INFO  - Clicked on Search Icon
2025-04-21 22:44:47,969 INFO  - click on Search Bar
2025-04-21 22:44:48,761 INFO  - Sentdata to searchBar as Earrings
2025-04-21 22:44:51,440 INFO  - clicked enter for resultant page
2025-04-21 22:44:51,759 INFO  - Clicked on Material
2025-04-21 22:44:52,143 INFO  - Clicked on Gemstore
2025-04-21 22:44:54,468 INFO  - Clicked on Zircoina
2025-04-21 22:44:57,169 INFO  - Clicked on Showproduct
2025-04-21 22:44:59,481 INFO  - Clicked on Firstproduct
2025-04-21 22:45:00,340 INFO  - Clicked on BookAppointment
2025-04-21 22:45:00,407 INFO  - Verified text Description
2025-04-21 22:45:06,784 INFO  - Scrolled down and clicked on CustomerServiceOverview
2025-04-21 22:45:06,850 INFO  - Verified CustomerServiceOverview URl
2025-04-21 22:45:06,869 INFO  - Verify CustomerServiceOverview title
2025-04-21 22:45:08,760 INFO  - Navigated to back page
2025-04-21 22:45:10,577 INFO  - Clicked on OrderStatus
2025-04-21 22:45:10,594 INFO  - verified OrderStatus URL
2025-04-21 22:45:10,602 INFO  - verifed OrderStatus Title
2025-04-21 22:45:12,506 INFO  - Navigated to back page
2025-04-21 22:45:14,643 INFO  - Clicked on GiftCardBalance
2025-04-21 22:45:14,663 INFO  - verified GiftCardBalance URL
2025-04-21 22:45:14,673 INFO  - verified GiftCardBalance Title
2025-04-21 22:45:16,757 INFO  - Navigated to back page
2025-04-21 22:45:18,538 INFO  - Clicked on shipping
2025-04-21 22:45:18,569 INFO  - verified Shipping URL
2025-04-21 22:45:18,653 INFO  - verified Shipping Title
2025-04-21 22:45:20,979 INFO  - Navigated to back page
2025-04-21 22:45:22,721 INFO  - clicked On ReturnsAndExchange
2025-04-21 22:45:22,755 INFO  - verified ReturnsAndExchange URL
2025-04-21 22:45:22,769 INFO  - verify ReturnsAndExchange Title
2025-04-21 22:45:24,683 INFO  - Navigated to back page
2025-04-21 22:45:26,877 INFO  - clicked on ContactUs
2025-04-21 22:45:26,898 INFO  - verified ContactUs URL
2025-04-21 22:45:26,904 INFO  - verified ContactUs Title
2025-04-21 22:45:28,762 INFO  - Navigated to back page
2025-04-21 22:45:30,603 INFO  - clicked on SizeGuide
2025-04-21 22:45:30,658 INFO  - verified SizeGuide URL
2025-04-21 22:45:30,669 INFO  - verified SizeGuide Title
2025-04-21 22:45:32,483 INFO  - Navigated to back page
2025-04-21 22:45:34,573 INFO  - clicked on StoreFinder
2025-04-21 22:45:34,645 INFO  - verified StoreFinder URL
2025-04-21 22:45:34,701 INFO  - verified StoreFinder Title
2025-04-21 22:45:36,792 INFO  - Navigated to back page
2025-04-21 22:45:37,150 INFO  - Verified text Membership
