2025-04-21 20:17:36,382 INFO  - scroll to About Swarovski
2025-04-21 20:17:38,862 INFO  - Clicked on About Swarovski
2025-04-21 20:17:38,930 INFO  - Verified: About Swarovski | Swarovski US
2025-04-21 20:17:38,946 INFO  - Verified: https://www.swarovski.com/en-US/s-brand/
2025-04-21 20:17:43,609 INFO  - Clicked on Sustainability
2025-04-21 20:17:43,634 ERROR - Verified: Sustainability and Corporate Responsibility  | Swarovski US
2025-04-21 20:17:43,645 INFO  - Verified: https://www.swarovski.com/en-US/s-sustainability/
2025-04-21 20:17:47,736 INFO  - Clicked on JobsAndCareer
2025-04-21 20:17:47,747 INFO  - Verified: Career at Swarovski | Job opportunies | Swarovski US
2025-04-21 20:17:47,806 INFO  - Verified: https://www.swarovski.com/en-US/s-careers/
2025-04-21 20:17:51,145 INFO  - Clicked on AlumniCommunity
2025-04-21 20:17:52,419 ERROR - Verified: Landing Page - Swarovski
2025-04-21 20:17:52,435 ERROR - Verified: https://alumni.swarovski.com/alumni/
2025-04-21 20:17:54,176 INFO  - Clicked on Corporategifts
2025-04-21 20:17:54,217 INFO  - Verified: Swarovski Corporate Gifts & Business Gifts | Swarovski US
2025-04-21 20:17:54,225 INFO  - Verified: https://www.swarovski.com/en-US/s-corporate-gifts/
2025-04-21 20:17:58,533 INFO  - Clicked on ForProfessional
2025-04-21 20:17:58,551 INFO  - Verified: Swarovski for Professionals | Swarovski US
2025-04-21 20:17:58,623 INFO  - Verified: https://www.swarovski.com/en-US/s-professionals/
2025-04-21 20:18:03,378 INFO  - Clicked on Sitemap
2025-04-21 20:18:03,438 INFO  - Verified: Sitemap | Swarovski US
2025-04-21 20:18:03,447 INFO  - Verified: https://www.swarovski.com/en-US/s-html-sitemap/
2025-04-21 20:18:06,068 INFO  - About verified
