2025-04-21 20:06:55,474 INFO  - scroll to About Swarovski
2025-04-21 20:06:57,817 INFO  - Clicked on About Swarovski
2025-04-21 20:06:57,839 INFO  - Verified: About Swarovski | Swarovski US
2025-04-21 20:06:57,848 INFO  - Verified: https://www.swarovski.com/en-US/s-brand/
2025-04-21 20:07:01,928 INFO  - Clicked on Sustainability
2025-04-21 20:07:01,945 ERROR - Verified: Sustainability and Corporate Responsibility  | Swarovski US
2025-04-21 20:07:01,953 INFO  - Verified: https://www.swarovski.com/en-US/s-sustainability/
2025-04-21 20:07:05,747 INFO  - Clicked on JobsAndCareer
2025-04-21 20:07:05,813 INFO  - Verified: Career at Swarovski | Job opportunies | Swarovski US
2025-04-21 20:07:05,821 INFO  - Verified: https://www.swarovski.com/en-US/s-careers/
2025-04-21 20:07:08,833 INFO  - Clicked on AlumniCommunity
2025-04-21 20:07:10,114 ERROR - Verified: Landing Page - Swarovski
2025-04-21 20:07:10,132 ERROR - Verified: https://alumni.swarovski.com/alumni/
2025-04-21 20:07:11,786 INFO  - Clicked on Corporategifts
2025-04-21 20:07:11,818 ERROR - Verified: <title>Swarovski Corporate Gifts &amp; Business Gifts | Swarovski US</title>
2025-04-21 20:07:11,826 INFO  - Verified: https://www.swarovski.com/en-US/s-corporate-gifts/
2025-04-21 20:07:15,961 INFO  - Clicked on ForProfessional
2025-04-21 20:07:16,007 ERROR - Verified: <title>Swarovski for Professionals | Swarovski US</title>
2025-04-21 20:07:16,025 INFO  - Verified: https://www.swarovski.com/en-US/s-professionals/
2025-04-21 20:07:19,838 INFO  - Clicked on Sitemap
2025-04-21 20:07:19,859 INFO  - Verified: Sitemap | Swarovski US
2025-04-21 20:07:19,867 INFO  - Verified: https://www.swarovski.com/en-US/s-html-sitemap/
2025-04-21 20:07:22,325 INFO  - About verified
